Determining if the pthread_create exist failed with the following output:
Change Dir: /home/yunfang/demo01_ws/build/CMakeFiles/CMakeTmp

Run Build Command:"/usr/bin/make" "cmTC_e77c6/fast"
/usr/bin/make -f CMakeFiles/cmTC_e77c6.dir/build.make CMakeFiles/cmTC_e77c6.dir/build
make[1]: 进入目录“/home/yunfang/demo01_ws/build/CMakeFiles/CMakeTmp”
Building C object CMakeFiles/cmTC_e77c6.dir/CheckSymbolExists.c.o
/usr/bin/cc    -o CMakeFiles/cmTC_e77c6.dir/CheckSymbolExists.c.o   -c /home/yunfang/demo01_ws/build/CMakeFiles/CMakeTmp/CheckSymbolExists.c
Linking C executable cmTC_e77c6
/usr/local/bin/cmake -E cmake_link_script CMakeFiles/cmTC_e77c6.dir/link.txt --verbose=1
/usr/bin/cc      -rdynamic CMakeFiles/cmTC_e77c6.dir/CheckSymbolExists.c.o  -o cmTC_e77c6 
CMakeFiles/cmTC_e77c6.dir/CheckSymbolExists.c.o：在函数‘main’中：
CheckSymbolExists.c:(.text+0x1b)：对‘pthread_create’未定义的引用
collect2: error: ld returned 1 exit status
CMakeFiles/cmTC_e77c6.dir/build.make:86: recipe for target 'cmTC_e77c6' failed
make[1]: *** [cmTC_e77c6] Error 1
make[1]: 离开目录“/home/yunfang/demo01_ws/build/CMakeFiles/CMakeTmp”
Makefile:126: recipe for target 'cmTC_e77c6/fast' failed
make: *** [cmTC_e77c6/fast] Error 2

File /home/yunfang/demo01_ws/build/CMakeFiles/CMakeTmp/CheckSymbolExists.c:
/* */
#include <pthread.h>

int main(int argc, char** argv)
{
  (void)argv;
#ifndef pthread_create
  return ((int*)(&pthread_create))[argc];
#else
  (void)argc;
  return 0;
#endif
}

Determining if the function pthread_create exists in the pthreads failed with the following output:
Change Dir: /home/yunfang/demo01_ws/build/CMakeFiles/CMakeTmp

Run Build Command:"/usr/bin/make" "cmTC_00a37/fast"
/usr/bin/make -f CMakeFiles/cmTC_00a37.dir/build.make CMakeFiles/cmTC_00a37.dir/build
make[1]: 进入目录“/home/yunfang/demo01_ws/build/CMakeFiles/CMakeTmp”
Building C object CMakeFiles/cmTC_00a37.dir/CheckFunctionExists.c.o
/usr/bin/cc   -DCHECK_FUNCTION_EXISTS=pthread_create   -o CMakeFiles/cmTC_00a37.dir/CheckFunctionExists.c.o   -c /usr/local/share/cmake-3.11/Modules/CheckFunctionExists.c
Linking C executable cmTC_00a37
/usr/local/bin/cmake -E cmake_link_script CMakeFiles/cmTC_00a37.dir/link.txt --verbose=1
/usr/bin/cc  -DCHECK_FUNCTION_EXISTS=pthread_create    -rdynamic CMakeFiles/cmTC_00a37.dir/CheckFunctionExists.c.o  -o cmTC_00a37 -lpthreads 
/usr/bin/ld: 找不到 -lpthreads
collect2: error: ld returned 1 exit status
CMakeFiles/cmTC_00a37.dir/build.make:86: recipe for target 'cmTC_00a37' failed
make[1]: *** [cmTC_00a37] Error 1
make[1]: 离开目录“/home/yunfang/demo01_ws/build/CMakeFiles/CMakeTmp”
Makefile:126: recipe for target 'cmTC_00a37/fast' failed
make: *** [cmTC_00a37/fast] Error 2


